<?xml version="1.0" encoding="UTF-8"?>
<!-- Generated by org.testng.reporters.JUnitXMLReporter -->
<testsuite hostname="Balakrishnan-QA" ignored="2" name="Test" tests="2" failures="0" timestamp="08 Dec 2019 14:57:16 GMT" time="0.091" errors="0">
  <testcase name="Test1" time="0.028" classname="Jenkins.TestNGGroup.SeleniumTest"/>
  <testcase name="Test2" time="0.005" classname="Jenkins.TestNGGroup.SeleniumTest"/>
  <testcase name="Test4" time="0.0" classname="Jenkins.TestNGGroup.SeleniumTest">
    <ignored/>
  </testcase> <!-- Test4 -->
  <testcase name="Test3" time="0.0" classname="Jenkins.TestNGGroup.SeleniumTest">
    <ignored/>
  </testcase> <!-- Test3 -->
</testsuite> <!-- Test -->
