<?xml version="1.0" encoding="UTF-8"?>
<testng-results skipped="0" failed="0" ignored="2" total="4" passed="2">
  <reporter-output>
  </reporter-output>
  <suite name="Suite" duration-ms="91" started-at="2019-12-08T14:57:16Z" finished-at="2019-12-08T14:57:16Z">
    <groups>
      <group name="Test1">
        <method signature="SeleniumTest.Test1()[pri:1, instance:Jenkins.TestNGGroup.SeleniumTest@42dafa95]" name="Test1" class="Jenkins.TestNGGroup.SeleniumTest"/>
        <method signature="SeleniumTest.Test2()[pri:2, instance:Jenkins.TestNGGroup.SeleniumTest@42dafa95]" name="Test2" class="Jenkins.TestNGGroup.SeleniumTest"/>
      </group> <!-- Test1 -->
    </groups>
    <test name="Test" duration-ms="91" started-at="2019-12-08T14:57:16Z" finished-at="2019-12-08T14:57:16Z">
      <class name="Jenkins.TestNGGroup.SeleniumTest">
        <test-method status="PASS" signature="Test1()[pri:1, instance:Jenkins.TestNGGroup.SeleniumTest@42dafa95]" name="Test1" duration-ms="28" started-at="2019-12-08T14:57:16Z" finished-at="2019-12-08T14:57:16Z">
          <reporter-output>
          </reporter-output>
        </test-method> <!-- Test1 -->
        <test-method status="PASS" signature="Test2()[pri:2, instance:Jenkins.TestNGGroup.SeleniumTest@42dafa95]" name="Test2" duration-ms="5" started-at="2019-12-08T14:57:16Z" finished-at="2019-12-08T14:57:16Z">
          <reporter-output>
          </reporter-output>
        </test-method> <!-- Test2 -->
      </class> <!-- Jenkins.TestNGGroup.SeleniumTest -->
    </test> <!-- Test -->
  </suite> <!-- Suite -->
</testng-results>
